TN:
SF:src/index.ts
FN:38,qiblaAngle
FN:62,compassDir
FN:74,compassName
FN:92,qiblaGreatCircle
FN:144,distanceKm
FNF:5
FNH:5
FNDA:15,qiblaAngle
FNDA:10,compassDir
FNDA:9,compassName
FNDA:9,qiblaGreatCircle
FNDA:8,distanceKm
DA:1,1
DA:2,1
DA:3,1
DA:4,1
DA:5,1
DA:6,1
DA:7,1
DA:8,1
DA:9,1
DA:10,1
DA:11,1
DA:12,1
DA:13,1
DA:14,1
DA:15,1
DA:16,1
DA:17,1
DA:18,1
DA:19,1
DA:20,1
DA:21,1
DA:22,1
DA:23,1
DA:24,1
DA:25,1
DA:26,1
DA:27,1
DA:28,1
DA:29,1
DA:30,1
DA:31,1
DA:32,1
DA:33,1
DA:34,1
DA:35,1
DA:36,1
DA:37,1
DA:38,1
DA:39,15
DA:40,2
DA:41,2
DA:42,15
DA:43,2
DA:44,2
DA:45,11
DA:46,11
DA:47,11
DA:48,11
DA:49,11
DA:50,11
DA:51,11
DA:52,11
DA:53,11
DA:54,11
DA:55,1
DA:56,1
DA:57,1
DA:58,1
DA:59,1
DA:60,1
DA:61,1
DA:62,1
DA:63,10
DA:64,10
DA:65,10
DA:66,10
DA:67,1
DA:68,1
DA:69,1
DA:70,1
DA:71,1
DA:72,1
DA:73,1
DA:74,1
DA:75,9
DA:76,9
DA:77,9
DA:78,9
DA:79,1
DA:80,1
DA:81,1
DA:82,1
DA:83,1
DA:84,1
DA:85,1
DA:86,1
DA:87,1
DA:88,1
DA:89,1
DA:90,1
DA:91,1
DA:92,1
DA:93,9
DA:94,9
DA:95,9
DA:96,9
DA:97,9
DA:98,1
DA:99,1
DA:100,9
DA:101,1
DA:102,1
DA:103,7
DA:104,7
DA:105,7
DA:106,7
DA:107,7
DA:108,7
DA:109,7
DA:110,7
DA:111,7
DA:112,7
DA:113,7
DA:114,7
DA:115,7
DA:116,7
DA:117,9
DA:118,6
DA:119,6
DA:120,9
DA:121,556
DA:122,556
DA:123,556
DA:124,556
DA:125,556
DA:126,556
DA:127,556
DA:128,556
DA:129,556
DA:130,556
DA:131,556
DA:132,6
DA:133,6
DA:134,1
DA:135,1
DA:136,1
DA:137,1
DA:138,1
DA:139,1
DA:140,1
DA:141,1
DA:142,1
DA:143,1
DA:144,1
DA:145,8
DA:146,8
DA:147,8
DA:148,8
DA:149,8
DA:150,8
DA:151,8
DA:152,8
DA:153,8
DA:154,8
DA:155,8
DA:156,8
LF:156
LH:156
BRDA:38,0,0,15
BRDA:39,1,0,14
BRDA:39,2,0,2
BRDA:41,3,0,13
BRDA:42,4,0,12
BRDA:42,5,0,2
BRDA:44,6,0,11
BRDA:62,7,0,10
BRDA:74,8,0,9
BRDA:92,9,0,9
BRDA:97,10,0,1
BRDA:99,11,0,8
BRDA:100,12,0,1
BRDA:102,13,0,7
BRDA:117,14,0,1
BRDA:117,15,0,6
BRDA:120,16,0,556
BRDA:131,17,0,6
BRDA:144,18,0,8
BRF:19
BRH:19
end_of_record
TN:
SF:src/types.ts
FNF:0
FNH:0
DA:1,1
DA:2,1
DA:3,1
DA:4,1
DA:5,1
DA:6,1
DA:7,1
DA:8,1
DA:9,1
DA:10,1
DA:11,1
DA:12,1
DA:13,1
DA:14,1
DA:15,1
DA:16,1
DA:17,1
DA:18,1
DA:19,1
DA:20,1
DA:21,1
DA:22,1
DA:23,1
DA:24,1
DA:25,1
DA:26,1
DA:27,1
DA:28,1
DA:29,1
DA:30,1
DA:31,1
DA:32,1
DA:33,1
DA:34,1
DA:35,1
DA:36,1
DA:37,1
DA:38,1
LF:38
LH:38
BRF:0
BRH:0
end_of_record
